<?xml version="1.0" encoding="UTF-8"?>
<testng-results ignored="0" total="1" passed="1" failed="0" skipped="0">
  <reporter-output>
  </reporter-output>
  <suite started-at="2022-08-11T15:15:40 EDT" name="Default suite" finished-at="2022-08-11T15:16:34 EDT" duration-ms="54195">
    <groups>
    </groups>
    <test started-at="2022-08-11T15:15:40 EDT" name="Default test" finished-at="2022-08-11T15:16:34 EDT" duration-ms="54195">
      <class name="net.calculator.Test.Unsplash_Test">
        <test-method is-config="true" signature="Setup()[pri:0, instance:net.calculator.Test.Unsplash_Test@294425a7]" started-at="2022-08-11T15:15:40 EDT" name="Setup" finished-at="2022-08-11T15:15:46 EDT" duration-ms="5714" status="PASS">
          <reporter-output>
          </reporter-output>
        </test-method> <!-- Setup -->
        <test-method signature="Test()[pri:0, instance:net.calculator.Test.Unsplash_Test@294425a7]" started-at="2022-08-11T15:15:46 EDT" name="Test" finished-at="2022-08-11T15:16:34 EDT" duration-ms="47957" status="PASS">
          <reporter-output>
          </reporter-output>
        </test-method> <!-- Test -->
        <test-method is-config="true" signature="TearDown()[pri:0, instance:net.calculator.Test.Unsplash_Test@294425a7]" started-at="2022-08-11T15:16:34 EDT" name="TearDown" finished-at="2022-08-11T15:16:34 EDT" duration-ms="478" status="PASS">
          <reporter-output>
          </reporter-output>
        </test-method> <!-- TearDown -->
      </class> <!-- net.calculator.Test.Unsplash_Test -->
    </test> <!-- Default test -->
  </suite> <!-- Default suite -->
</testng-results>
